#
# There is insufficient memory for the Java Runtime Environment to continue.
# Native memory allocation (malloc) failed to allocate 1392528 bytes. Error detail: Chunk::new
# Possible reasons:
#   The system is out of physical RAM or swap space
#   This process is running with CompressedOops enabled, and the Java Heap may be blocking the growth of the native heap
# Possible solutions:
#   Reduce memory load on the system
#   Increase physical memory or swap space
#   Check if swap backing store is full
#   Decrease Java heap size (-Xmx/-Xms)
#   Decrease number of Java threads
#   Decrease Java thread stack sizes (-Xss)
#   Set larger code cache with -XX:ReservedCodeCacheSize=
#   JVM is running with Zero Based Compressed Oops mode in which the Java heap is
#     placed in the first 32GB address space. The Java Heap base address is the
#     maximum limit for the native heap growth. Please use -XX:HeapBaseMinAddress
#     to set the Java Heap base and to place the Java Heap above 32GB virtual address.
# This output file may be truncated or incomplete.
#
#  Out of Memory Error (arena.cpp:149), pid=23860, tid=26332
#
# JRE version: Java(TM) SE Runtime Environment (23.0+37) (build 23+37-2369)
# Java VM: Java HotSpot(TM) 64-Bit Server VM (23+37-2369, mixed mode, sharing, tiered, compressed oops, compressed class ptrs, g1 gc, windows-amd64)
# No core dump will be written. Minidumps are not enabled by default on client versions of Windows
#

---------------  S U M M A R Y ------------

Command Line: -javaagent:D:\JetBrainsIntelliJ\IntelliJ IDEA Community Edition 2024.2.2\lib\idea_rt.jar=51587:D:\JetBrainsIntelliJ\IntelliJ IDEA Community Edition 2024.2.2\bin -Dfile.encoding=UTF-8 -Dsun.stdout.encoding=UTF-8 -Dsun.stderr.encoding=UTF-8 com.example.peaceful_land.Application

Host: 11th Gen Intel(R) Core(TM) i7-1165G7 @ 2.80GHz, 8 cores, 15G,  Windows 11 , 64 bit Build 22621 (10.0.22621.4391)
Time: Mon Dec  9 19:20:18 2024 SE Asia Standard Time elapsed time: 212.844878 seconds (0d 0h 3m 32s)

---------------  T H R E A D  ---------------

Current thread (0x000002b185013840):  JavaThread "C2 CompilerThread0" daemon [_thread_in_native, id=26332, stack(0x000000d24e100000,0x000000d24e200000) (1024K)]


Current CompileTask:
C2:212844 13273       4       org.springframework.http.converter.StringHttpMessageConverter::addDefaultHeaders (51 bytes)

Stack: [0x000000d24e100000,0x000000d24e200000]
Native frames: (J=compiled Java code, j=interpreted, Vv=VM code, C=native code)
V  [jvm.dll+0x6e08a9]  (no source info available)
V  [jvm.dll+0x87da63]  (no source info available)
V  [jvm.dll+0x87feee]  (no source info available)
V  [jvm.dll+0x8805c3]  (no source info available)
V  [jvm.dll+0x27aee6]  (no source info available)
V  [jvm.dll+0xbc06f]  (no source info available)
V  [jvm.dll+0xbc2cb]  (no source info available)
V  [jvm.dll+0x3b3a9c]  (no source info available)
V  [jvm.dll+0x38a42b]  (no source info available)
V  [jvm.dll+0x38989a]  (no source info available)
V  [jvm.dll+0x244aa1]  (no source info available)
V  [jvm.dll+0x243dff]  (no source info available)
V  [jvm.dll+0x1c33a0]  (no source info available)
V  [jvm.dll+0x253cf1]  (no source info available)
V  [jvm.dll+0x251faa]  (no source info available)
V  [jvm.dll+0x3ee036]  (no source info available)
V  [jvm.dll+0x824f1b]  (no source info available)
V  [jvm.dll+0x6df055]  (no source info available)
C  [ucrtbase.dll+0x29333]  (no source info available)
C  [KERNEL32.DLL+0x1259d]  (no source info available)
C  [ntdll.dll+0x5af38]  (no source info available)

Lock stack of current Java thread (top to bottom):


---------------  P R O C E S S  ---------------

Threads class SMR info:
_java_thread_list=0x000002b189958cf0, length=31, elements={
0x000002b13d464e00, 0x000002b13d466e20, 0x000002b13d469620, 0x000002b13d46c280,
0x000002b185000080, 0x000002b185000c10, 0x000002b185013840, 0x000002b18501af00,
0x000002b1850f5a40, 0x000002b1858463c0, 0x000002b1853fdca0, 0x000002b187ef5590,
0x000002b188bd74b0, 0x000002b188bd8ef0, 0x000002b188bda2a0, 0x000002b188bd81d0,
0x000002b188bd9c10, 0x000002b1891a9a50, 0x000002b1891a8d30, 0x000002b1891a8010,
0x000002b1891a86a0, 0x000002b1891aae00, 0x000002b1891a93c0, 0x000002b1891ab490,
0x000002b1891aa0e0, 0x000002b18a0175e0, 0x000002b18a01aa60, 0x000002b18a01d1c0,
0x000002b18a018300, 0x000002b18a01b0f0, 0x000002b1850193c0
}

Java Threads: ( => current thread )
  0x000002b13d464e00 JavaThread "Reference Handler"          daemon [_thread_blocked, id=13948, stack(0x000000d24db00000,0x000000d24dc00000) (1024K)]
  0x000002b13d466e20 JavaThread "Finalizer"                  daemon [_thread_blocked, id=27176, stack(0x000000d24dc00000,0x000000d24dd00000) (1024K)]
  0x000002b13d469620 JavaThread "Signal Dispatcher"          daemon [_thread_blocked, id=12128, stack(0x000000d24dd00000,0x000000d24de00000) (1024K)]
  0x000002b13d46c280 JavaThread "Attach Listener"            daemon [_thread_blocked, id=9452, stack(0x000000d24de00000,0x000000d24df00000) (1024K)]
  0x000002b185000080 JavaThread "Service Thread"             daemon [_thread_blocked, id=7548, stack(0x000000d24df00000,0x000000d24e000000) (1024K)]
  0x000002b185000c10 JavaThread "Monitor Deflation Thread"   daemon [_thread_blocked, id=25036, stack(0x000000d24e000000,0x000000d24e100000) (1024K)]
=>0x000002b185013840 JavaThread "C2 CompilerThread0"         daemon [_thread_in_native, id=26332, stack(0x000000d24e100000,0x000000d24e200000) (1024K)]
  0x000002b18501af00 JavaThread "C1 CompilerThread0"         daemon [_thread_blocked, id=7824, stack(0x000000d24e200000,0x000000d24e300000) (1024K)]
  0x000002b1850f5a40 JavaThread "Common-Cleaner"             daemon [_thread_blocked, id=29176, stack(0x000000d24e300000,0x000000d24e400000) (1024K)]
  0x000002b1858463c0 JavaThread "Monitor Ctrl-Break"         daemon [_thread_in_native, id=9972, stack(0x000000d24e500000,0x000000d24e600000) (1024K)]
  0x000002b1853fdca0 JavaThread "Notification Thread"        daemon [_thread_blocked, id=24992, stack(0x000000d24e600000,0x000000d24e700000) (1024K)]
  0x000002b187ef5590 JavaThread "Catalina-utility-1"                [_thread_blocked, id=26536, stack(0x000000d24ec00000,0x000000d24ed00000) (1024K)]
  0x000002b188bd74b0 JavaThread "Catalina-utility-2"                [_thread_blocked, id=3872, stack(0x000000d24f100000,0x000000d24f200000) (1024K)]
  0x000002b188bd8ef0 JavaThread "container-0"                       [_thread_blocked, id=14260, stack(0x000000d24f200000,0x000000d24f300000) (1024K)]
  0x000002b188bda2a0 JavaThread "mysql-cj-abandoned-connection-cleanup" daemon [_thread_blocked, id=14536, stack(0x000000d24f300000,0x000000d24f400000) (1024K)]
  0x000002b188bd81d0 JavaThread "HikariPool-1 housekeeper"   daemon [_thread_blocked, id=21132, stack(0x000000d24f500000,0x000000d24f600000) (1024K)]
  0x000002b188bd9c10 JavaThread "lettuce-timer-3-1"          daemon [_thread_blocked, id=4604, stack(0x000000d24f700000,0x000000d24f800000) (1024K)]
  0x000002b1891a9a50 JavaThread "http-nio-8080-exec-1"       daemon [_thread_blocked, id=19584, stack(0x000000d24f800000,0x000000d24f900000) (1024K)]
  0x000002b1891a8d30 JavaThread "http-nio-8080-exec-2"       daemon [_thread_in_native, id=10280, stack(0x000000d24f900000,0x000000d24fa00000) (1024K)]
  0x000002b1891a8010 JavaThread "http-nio-8080-exec-3"       daemon [_thread_blocked, id=30036, stack(0x000000d24fa00000,0x000000d24fb00000) (1024K)]
  0x000002b1891a86a0 JavaThread "http-nio-8080-exec-4"       daemon [_thread_blocked, id=33256, stack(0x000000d24fb00000,0x000000d24fc00000) (1024K)]
  0x000002b1891aae00 JavaThread "http-nio-8080-exec-5"       daemon [_thread_blocked, id=11296, stack(0x000000d24fc00000,0x000000d24fd00000) (1024K)]
  0x000002b1891a93c0 JavaThread "http-nio-8080-exec-6"       daemon [_thread_blocked, id=19524, stack(0x000000d24fd00000,0x000000d24fe00000) (1024K)]
  0x000002b1891ab490 JavaThread "http-nio-8080-exec-7"       daemon [_thread_blocked, id=1600, stack(0x000000d24fe00000,0x000000d24ff00000) (1024K)]
  0x000002b1891aa0e0 JavaThread "http-nio-8080-exec-8"       daemon [_thread_blocked, id=26360, stack(0x000000d24ff00000,0x000000d250000000) (1024K)]
  0x000002b18a0175e0 JavaThread "http-nio-8080-exec-9"       daemon [_thread_blocked, id=22108, stack(0x000000d250000000,0x000000d250100000) (1024K)]
  0x000002b18a01aa60 JavaThread "http-nio-8080-exec-10"      daemon [_thread_blocked, id=31904, stack(0x000000d250100000,0x000000d250200000) (1024K)]
  0x000002b18a01d1c0 JavaThread "http-nio-8080-Poller"       daemon [_thread_in_native, id=5744, stack(0x000000d250200000,0x000000d250300000) (1024K)]
  0x000002b18a018300 JavaThread "http-nio-8080-Acceptor"     daemon [_thread_in_native, id=20632, stack(0x000000d250300000,0x000000d250400000) (1024K)]
  0x000002b18a01b0f0 JavaThread "DestroyJavaVM"                     [_thread_blocked, id=19260, stack(0x000000d24d300000,0x000000d24d400000) (1024K)]
  0x000002b1850193c0 JavaThread "C2 CompilerThread1"         daemon [_thread_in_native, id=22356, stack(0x000000d24d000000,0x000000d24d100000) (1024K)]
Total: 31

Other Threads:
  0x000002b13d4494d0 VMThread "VM Thread"                           [id=9336, stack(0x000000d24da00000,0x000000d24db00000) (1024K)]
  0x000002b13d435750 WatcherThread "VM Periodic Task Thread"        [id=26080, stack(0x000000d24d900000,0x000000d24da00000) (1024K)]
  0x000002b1208b1a30 WorkerThread "GC Thread#0"                     [id=1948, stack(0x000000d24d400000,0x000000d24d500000) (1024K)]
  0x000002b185e27a70 WorkerThread "GC Thread#1"                     [id=28464, stack(0x000000d24e700000,0x000000d24e800000) (1024K)]
  0x000002b185e28230 WorkerThread "GC Thread#2"                     [id=15128, stack(0x000000d24e800000,0x000000d24e900000) (1024K)]
  0x000002b185e285e0 WorkerThread "GC Thread#3"                     [id=5680, stack(0x000000d24e900000,0x000000d24ea00000) (1024K)]
  0x000002b185e293b0 WorkerThread "GC Thread#4"                     [id=29240, stack(0x000000d24ea00000,0x000000d24eb00000) (1024K)]
  0x000002b185e29970 WorkerThread "GC Thread#5"                     [id=15220, stack(0x000000d24eb00000,0x000000d24ec00000) (1024K)]
  0x000002b186047100 WorkerThread "GC Thread#6"                     [id=23908, stack(0x000000d24ed00000,0x000000d24ee00000) (1024K)]
  0x000002b1860474b0 WorkerThread "GC Thread#7"                     [id=11652, stack(0x000000d24ee00000,0x000000d24ef00000) (1024K)]
  0x000002b1208c27f0 ConcurrentGCThread "G1 Main Marker"            [id=22376, stack(0x000000d24d500000,0x000000d24d600000) (1024K)]
  0x000002b13d2b3310 WorkerThread "G1 Conc#0"                       [id=7144, stack(0x000000d24d600000,0x000000d24d700000) (1024K)]
  0x000002b1860469a0 WorkerThread "G1 Conc#1"                       [id=10304, stack(0x000000d24f000000,0x000000d24f100000) (1024K)]
  0x000002b1208fe940 ConcurrentGCThread "G1 Refine#0"               [id=7456, stack(0x000000d24d700000,0x000000d24d800000) (1024K)]
  0x000002b13d306600 ConcurrentGCThread "G1 Service"                [id=19192, stack(0x000000d24d800000,0x000000d24d900000) (1024K)]
Total: 15

Threads with active compile tasks:
C2 CompilerThread0  212932 13273       4       org.springframework.http.converter.StringHttpMessageConverter::addDefaultHeaders (51 bytes)
C2 CompilerThread1  212932 13275       4       org.springframework.web.servlet.handler.WebRequestHandlerInterceptorAdapter::preHandle (20 bytes)
Total: 2

VM state: not at safepoint (normal execution)

VM Mutex/Monitor currently owned by a thread: None

Heap address: 0x0000000704200000, size: 4030 MB, Compressed Oops mode: Zero based, Oop shift amount: 3

CDS archive(s) mapped at: [0x000002b140000000-0x000002b140d70000-0x000002b140d70000), size 14090240, SharedBaseAddress: 0x000002b140000000, ArchiveRelocationMode: 1.
Compressed class space mapped at: 0x000002b141000000-0x000002b181000000, reserved size: 1073741824
Narrow klass base: 0x000002b140000000, Narrow klass shift: 0, Narrow klass range: 0x41000000

GC Precious Log:
 CardTable entry size: 512
 Card Set container configuration: InlinePtr #cards 4 size 8 Array Of Cards #cards 16 size 48 Howl #buckets 8 coarsen threshold 3686 Howl Bitmap #cards 512 size 80 coarsen threshold 460 Card regions per heap region 1 cards per card region 4096
 CPUs: 8 total, 8 available
 Memory: 16118M
 Large Page Support: Disabled
 NUMA Support: Disabled
 Compressed Oops: Enabled (Zero based)
 Heap Region Size: 2M
 Heap Min Capacity: 8M
 Heap Initial Capacity: 252M
 Heap Max Capacity: 4030M
 Pre-touch: Disabled
 Parallel Workers: 8
 Concurrent Workers: 2
 Concurrent Refinement Workers: 8
 Periodic GC: Disabled

Heap:
 garbage-first heap   total reserved 4126720K, committed 81920K, used 42429K [0x0000000704200000, 0x0000000800000000)
  region size 2048K, 3 young (6144K), 1 survivors (2048K)
 Metaspace       used 88110K, committed 88896K, reserved 1179648K
  class space    used 11873K, committed 12224K, reserved 1048576K

Heap Regions: E=young(eden), S=young(survivor), O=old, HS=humongous(starts), HC=humongous(continues), CS=collection set, F=free, TAMS=top-at-mark-start, PB=parsable bottom
|   0|0x0000000704200000, 0x0000000704400000, 0x0000000704400000|100%| O|  |TAMS 0x0000000704200000| PB 0x0000000704200000| Untracked |  0
|   1|0x0000000704400000, 0x0000000704600000, 0x0000000704600000|100%| O|  |TAMS 0x0000000704400000| PB 0x0000000704400000| Untracked |  0
|   2|0x0000000704600000, 0x0000000704800000, 0x0000000704800000|100%| O|  |TAMS 0x0000000704600000| PB 0x0000000704600000| Untracked |  0
|   3|0x0000000704800000, 0x0000000704a00000, 0x0000000704a00000|100%| O|  |TAMS 0x0000000704800000| PB 0x0000000704800000| Untracked |  0
|   4|0x0000000704a00000, 0x0000000704c00000, 0x0000000704c00000|100%| O|  |TAMS 0x0000000704a00000| PB 0x0000000704a00000| Untracked |  0
|   5|0x0000000704c00000, 0x0000000704e00000, 0x0000000704e00000|100%| O|  |TAMS 0x0000000704c00000| PB 0x0000000704c00000| Untracked |  0
|   6|0x0000000704e00000, 0x0000000705000000, 0x0000000705000000|100%| O|  |TAMS 0x0000000704e00000| PB 0x0000000704e00000| Untracked |  0
|   7|0x0000000705000000, 0x0000000705200000, 0x0000000705200000|100%| O|  |TAMS 0x0000000705000000| PB 0x0000000705000000| Untracked |  0
|   8|0x0000000705200000, 0x0000000705400000, 0x0000000705400000|100%| O|  |TAMS 0x0000000705200000| PB 0x0000000705200000| Untracked |  0
|   9|0x0000000705400000, 0x0000000705600000, 0x0000000705600000|100%| O|  |TAMS 0x0000000705400000| PB 0x0000000705400000| Untracked |  0
|  10|0x0000000705600000, 0x0000000705800000, 0x0000000705800000|100%| O|  |TAMS 0x0000000705600000| PB 0x0000000705600000| Untracked |  0
|  11|0x0000000705800000, 0x0000000705a00000, 0x0000000705a00000|100%| O|  |TAMS 0x0000000705800000| PB 0x0000000705800000| Untracked |  0
|  12|0x0000000705a00000, 0x0000000705c00000, 0x0000000705c00000|100%| O|  |TAMS 0x0000000705a00000| PB 0x0000000705a00000| Untracked |  0
|  13|0x0000000705c00000, 0x0000000705e00000, 0x0000000705e00000|100%| O|  |TAMS 0x0000000705c00000| PB 0x0000000705c00000| Untracked |  0
|  14|0x0000000705e00000, 0x0000000705f48450, 0x0000000706000000| 64%| O|  |TAMS 0x0000000705e00000| PB 0x0000000705e00000| Untracked |  0
|  15|0x0000000706000000, 0x0000000706200000, 0x0000000706200000|100%| O|  |TAMS 0x0000000706000000| PB 0x0000000706000000| Untracked |  0
|  16|0x0000000706200000, 0x0000000706400000, 0x0000000706400000|100%| O|  |TAMS 0x0000000706200000| PB 0x0000000706200000| Untracked |  0
|  17|0x0000000706400000, 0x0000000706400000, 0x0000000706600000|  0%| F|  |TAMS 0x0000000706400000| PB 0x0000000706400000| Untracked |  0
|  18|0x0000000706600000, 0x0000000706600000, 0x0000000706800000|  0%| F|  |TAMS 0x0000000706600000| PB 0x0000000706600000| Untracked |  0
|  19|0x0000000706800000, 0x0000000706a00000, 0x0000000706a00000|100%| O|  |TAMS 0x0000000706800000| PB 0x0000000706800000| Untracked |  0
|  20|0x0000000706a00000, 0x0000000706c00000, 0x0000000706c00000|100%| O|  |TAMS 0x0000000706a00000| PB 0x0000000706a00000| Untracked |  0
|  21|0x0000000706c00000, 0x0000000706e00000, 0x0000000706e00000|100%| O|  |TAMS 0x0000000706c00000| PB 0x0000000706c00000| Untracked |  0
|  22|0x0000000706e00000, 0x0000000706e272d0, 0x0000000707000000|  7%| S|CS|TAMS 0x0000000706e00000| PB 0x0000000706e00000| Complete |  0
|  23|0x0000000707000000, 0x0000000707000000, 0x0000000707200000|  0%| F|  |TAMS 0x0000000707000000| PB 0x0000000707000000| Untracked |  0
|  24|0x0000000707200000, 0x0000000707200000, 0x0000000707400000|  0%| F|  |TAMS 0x0000000707200000| PB 0x0000000707200000| Untracked |  0
|  25|0x0000000707400000, 0x0000000707400000, 0x0000000707600000|  0%| F|  |TAMS 0x0000000707400000| PB 0x0000000707400000| Untracked |  0
|  26|0x0000000707600000, 0x0000000707600000, 0x0000000707800000|  0%| F|  |TAMS 0x0000000707600000| PB 0x0000000707600000| Untracked |  0
|  27|0x0000000707800000, 0x0000000707800000, 0x0000000707a00000|  0%| F|  |TAMS 0x0000000707800000| PB 0x0000000707800000| Untracked |  0
|  28|0x0000000707a00000, 0x0000000707a00000, 0x0000000707c00000|  0%| F|  |TAMS 0x0000000707a00000| PB 0x0000000707a00000| Untracked |  0
|  29|0x0000000707c00000, 0x0000000707c00000, 0x0000000707e00000|  0%| F|  |TAMS 0x0000000707c00000| PB 0x0000000707c00000| Untracked |  0
|  30|0x0000000707e00000, 0x0000000707e00000, 0x0000000708000000|  0%| F|  |TAMS 0x0000000707e00000| PB 0x0000000707e00000| Untracked |  0
|  31|0x0000000708000000, 0x0000000708000000, 0x0000000708200000|  0%| F|  |TAMS 0x0000000708000000| PB 0x0000000708000000| Untracked |  0
|  32|0x0000000708200000, 0x0000000708200000, 0x0000000708400000|  0%| F|  |TAMS 0x0000000708200000| PB 0x0000000708200000| Untracked |  0
|  33|0x0000000708400000, 0x0000000708400000, 0x0000000708600000|  0%| F|  |TAMS 0x0000000708400000| PB 0x0000000708400000| Untracked |  0
|  34|0x0000000708600000, 0x0000000708600000, 0x0000000708800000|  0%| F|  |TAMS 0x0000000708600000| PB 0x0000000708600000| Untracked |  0
|  35|0x0000000708800000, 0x0000000708800000, 0x0000000708a00000|  0%| F|  |TAMS 0x0000000708800000| PB 0x0000000708800000| Untracked |  0
|  36|0x0000000708a00000, 0x0000000708a00000, 0x0000000708c00000|  0%| F|  |TAMS 0x0000000708a00000| PB 0x0000000708a00000| Untracked |  0
|  37|0x0000000708c00000, 0x0000000708c00000, 0x0000000708e00000|  0%| F|  |TAMS 0x0000000708c00000| PB 0x0000000708c00000| Untracked |  0
|  38|0x0000000708e00000, 0x0000000708f25110, 0x0000000709000000| 57%| E|  |TAMS 0x0000000708e00000| PB 0x0000000708e00000| Complete |  0
| 125|0x0000000713c00000, 0x0000000713e00000, 0x0000000713e00000|100%| E|CS|TAMS 0x0000000713c00000| PB 0x0000000713c00000| Complete |  0

Card table byte_map: [0x000002b138b90000,0x000002b139370000] _byte_map_base: 0x000002b13536f000

Marking Bits: (CMBitMap*) 0x000002b1208b2140
 Bits: [0x000002b139370000, 0x000002b13d268000)

Polling page: 0x000002b11e6d0000

Metaspace:

Usage:
  Non-class:     74.45 MB used.
      Class:     11.60 MB used.
       Both:     86.05 MB used.

Virtual space:
  Non-class space:      128.00 MB reserved,      74.88 MB ( 58%) committed,  2 nodes.
      Class space:        1.00 GB reserved,      11.94 MB (  1%) committed,  1 nodes.
             Both:        1.12 GB reserved,      86.81 MB (  8%) committed. 

Chunk freelists:
   Non-Class:  5.03 MB
       Class:  4.12 MB
        Both:  9.15 MB

MaxMetaspaceSize: unlimited
CompressedClassSpaceSize: 1.00 GB
Initial GC threshold: 21.00 MB
Current GC threshold: 144.62 MB
CDS: on
 - commit_granule_bytes: 65536.
 - commit_granule_words: 8192.
 - virtual_space_node_default_size: 8388608.
 - enlarge_chunks_in_place: 1.
 - use_allocation_guard: 0.


Internal statistics:

num_allocs_failed_limit: 9.
num_arena_births: 1184.
num_arena_deaths: 58.
num_vsnodes_births: 3.
num_vsnodes_deaths: 0.
num_space_committed: 1389.
num_space_uncommitted: 0.
num_chunks_returned_to_freelist: 84.
num_chunks_taken_from_freelist: 4347.
num_chunk_merges: 11.
num_chunk_splits: 3102.
num_chunks_enlarged: 2384.
num_inconsistent_stats: 0.

CodeHeap 'non-profiled nmethods': size=120064Kb used=4140Kb max_used=5932Kb free=115923Kb
 bounds [0x000002b130a30000, 0x000002b131000000, 0x000002b137f70000]
CodeHeap 'profiled nmethods': size=120000Kb used=4389Kb max_used=15835Kb free=115610Kb
 bounds [0x000002b128f70000, 0x000002b129f10000, 0x000002b1304a0000]
CodeHeap 'non-nmethods': size=5696Kb used=1974Kb max_used=2038Kb free=3721Kb
 bounds [0x000002b1304a0000, 0x000002b130710000, 0x000002b130a30000]
CodeCache: size=245760Kb, used=10503Kb, max_used=23805Kb, free=235254Kb
 total_blobs=4522, nmethods=3713, adapters=712, full_count=0
Compilation: enabled, stopped_count=0, restarted_count=0

Compilation events (20 events):
Event: 212.431 Thread 0x000002b1850193c0 nmethod 13265 0x000002b130c2f508 code [0x000002b130c2f620, 0x000002b130c2fa88]
Event: 212.432 Thread 0x000002b1850193c0 13266   !   4       com.google.gson.Gson::toJson (34 bytes)
Event: 212.489 Thread 0x000002b1850193c0 nmethod 13266 0x000002b130ea2088 code [0x000002b130ea2320, 0x000002b130ea38b0]
Event: 212.489 Thread 0x000002b1850193c0 13268       4       org.springframework.web.context.request.async.WebAsyncManager::isConcurrentHandlingStarted (25 bytes)
Event: 212.490 Thread 0x000002b1850193c0 nmethod 13268 0x000002b130ee5508 code [0x000002b130ee5620, 0x000002b130ee5700]
Event: 212.490 Thread 0x000002b1850193c0 13267   !   4       com.google.gson.Gson::toJson (178 bytes)
Event: 212.516 Thread 0x000002b185013840 nmethod 13261 0x000002b130e7cf08 code [0x000002b130e7d460, 0x000002b130e81168]
Event: 212.517 Thread 0x000002b185013840 13269       4       org.springframework.web.util.UriComponentsBuilder::fromUriString (258 bytes)
Event: 212.523 Thread 0x000002b1850193c0 nmethod 13267 0x000002b130f14b08 code [0x000002b130f14dc0, 0x000002b130f16348]
Event: 212.527 Thread 0x000002b1850193c0 13270       4       org.springframework.http.converter.StringHttpMessageConverter::writeInternal (10 bytes)
Event: 212.589 Thread 0x000002b1850193c0 nmethod 13270 0x000002b130c72d88 code [0x000002b130c731e0, 0x000002b130c75a28]
Event: 212.589 Thread 0x000002b1850193c0 13271       4       org.springframework.security.authentication.AbstractAuthenticationToken::toString (115 bytes)
Event: 212.702 Thread 0x000002b1850193c0 nmethod 13271 0x000002b130e75b88 code [0x000002b130e76120, 0x000002b130e7b0d0]
Event: 212.702 Thread 0x000002b1850193c0 13272   !   4       org.springframework.web.servlet.DispatcherServlet::doDispatch (671 bytes)
Event: 212.776 Thread 0x000002b185013840 nmethod 13269 0x000002b130c98f88 code [0x000002b130c996e0, 0x000002b130ca0b60]
Event: 212.777 Thread 0x000002b185013840 13273       4       org.springframework.http.converter.StringHttpMessageConverter::addDefaultHeaders (51 bytes)
Event: 212.795 Thread 0x000002b1850193c0 nmethod 13272 0x000002b130c44288 code [0x000002b130c447c0, 0x000002b130c48678]
Event: 212.801 Thread 0x000002b1850193c0 13274       4       org.apache.coyote.AbstractProtocol$ConnectionHandler::release (70 bytes)
Event: 212.826 Thread 0x000002b1850193c0 nmethod 13274 0x000002b130b7a588 code [0x000002b130b7a7e0, 0x000002b130b7bda0]
Event: 212.827 Thread 0x000002b1850193c0 13275       4       org.springframework.web.servlet.handler.WebRequestHandlerInterceptorAdapter::preHandle (20 bytes)

GC Heap History (20 events):
Event: 206.523 GC heap before
{Heap before GC invocations=90 (full 0):
 garbage-first heap   total reserved 4126720K, committed 81920K, used 71077K [0x0000000704200000, 0x0000000800000000)
  region size 2048K, 17 young (34816K), 1 survivors (2048K)
 Metaspace       used 88095K, committed 88896K, reserved 1179648K
  class space    used 11873K, committed 12224K, reserved 1048576K
}
Event: 206.524 GC heap after
{Heap after GC invocations=91 (full 0):
 garbage-first heap   total reserved 4126720K, committed 81920K, used 40349K [0x0000000704200000, 0x0000000800000000)
  region size 2048K, 1 young (2048K), 1 survivors (2048K)
 Metaspace       used 88095K, committed 88896K, reserved 1179648K
  class space    used 11873K, committed 12224K, reserved 1048576K
}
Event: 206.941 GC heap before
{Heap before GC invocations=91 (full 0):
 garbage-first heap   total reserved 4126720K, committed 81920K, used 71069K [0x0000000704200000, 0x0000000800000000)
  region size 2048K, 17 young (34816K), 1 survivors (2048K)
 Metaspace       used 88103K, committed 88896K, reserved 1179648K
  class space    used 11873K, committed 12224K, reserved 1048576K
}
Event: 206.942 GC heap after
{Heap after GC invocations=92 (full 0):
 garbage-first heap   total reserved 4126720K, committed 81920K, used 40341K [0x0000000704200000, 0x0000000800000000)
  region size 2048K, 1 young (2048K), 1 survivors (2048K)
 Metaspace       used 88103K, committed 88896K, reserved 1179648K
  class space    used 11873K, committed 12224K, reserved 1048576K
}
Event: 207.327 GC heap before
{Heap before GC invocations=93 (full 0):
 garbage-first heap   total reserved 4126720K, committed 81920K, used 71061K [0x0000000704200000, 0x0000000800000000)
  region size 2048K, 17 young (34816K), 1 survivors (2048K)
 Metaspace       used 88103K, committed 88896K, reserved 1179648K
  class space    used 11873K, committed 12224K, reserved 1048576K
}
Event: 207.328 GC heap after
{Heap after GC invocations=94 (full 0):
 garbage-first heap   total reserved 4126720K, committed 81920K, used 40357K [0x0000000704200000, 0x0000000800000000)
  region size 2048K, 1 young (2048K), 1 survivors (2048K)
 Metaspace       used 88103K, committed 88896K, reserved 1179648K
  class space    used 11873K, committed 12224K, reserved 1048576K
}
Event: 207.766 GC heap before
{Heap before GC invocations=94 (full 0):
 garbage-first heap   total reserved 4126720K, committed 81920K, used 71077K [0x0000000704200000, 0x0000000800000000)
  region size 2048K, 17 young (34816K), 1 survivors (2048K)
 Metaspace       used 88108K, committed 88896K, reserved 1179648K
  class space    used 11873K, committed 12224K, reserved 1048576K
}
Event: 207.768 GC heap after
{Heap after GC invocations=95 (full 0):
 garbage-first heap   total reserved 4126720K, committed 81920K, used 40389K [0x0000000704200000, 0x0000000800000000)
  region size 2048K, 1 young (2048K), 1 survivors (2048K)
 Metaspace       used 88108K, committed 88896K, reserved 1179648K
  class space    used 11873K, committed 12224K, reserved 1048576K
}
Event: 208.242 GC heap before
{Heap before GC invocations=96 (full 0):
 garbage-first heap   total reserved 4126720K, committed 81920K, used 71109K [0x0000000704200000, 0x0000000800000000)
  region size 2048K, 17 young (34816K), 1 survivors (2048K)
 Metaspace       used 88108K, committed 88896K, reserved 1179648K
  class space    used 11873K, committed 12224K, reserved 1048576K
}
Event: 208.243 GC heap after
{Heap after GC invocations=97 (full 0):
 garbage-first heap   total reserved 4126720K, committed 81920K, used 40353K [0x0000000704200000, 0x0000000800000000)
  region size 2048K, 1 young (2048K), 1 survivors (2048K)
 Metaspace       used 88108K, committed 88896K, reserved 1179648K
  class space    used 11873K, committed 12224K, reserved 1048576K
}
Event: 209.573 GC heap before
{Heap before GC invocations=97 (full 0):
 garbage-first heap   total reserved 4126720K, committed 81920K, used 71073K [0x0000000704200000, 0x0000000800000000)
  region size 2048K, 17 young (34816K), 1 survivors (2048K)
 Metaspace       used 88108K, committed 88896K, reserved 1179648K
  class space    used 11873K, committed 12224K, reserved 1048576K
}
Event: 209.575 GC heap after
{Heap after GC invocations=98 (full 0):
 garbage-first heap   total reserved 4126720K, committed 81920K, used 40384K [0x0000000704200000, 0x0000000800000000)
  region size 2048K, 1 young (2048K), 1 survivors (2048K)
 Metaspace       used 88108K, committed 88896K, reserved 1179648K
  class space    used 11873K, committed 12224K, reserved 1048576K
}
Event: 210.268 GC heap before
{Heap before GC invocations=99 (full 0):
 garbage-first heap   total reserved 4126720K, committed 81920K, used 71104K [0x0000000704200000, 0x0000000800000000)
  region size 2048K, 17 young (34816K), 1 survivors (2048K)
 Metaspace       used 88108K, committed 88896K, reserved 1179648K
  class space    used 11873K, committed 12224K, reserved 1048576K
}
Event: 210.269 GC heap after
{Heap after GC invocations=100 (full 0):
 garbage-first heap   total reserved 4126720K, committed 81920K, used 40407K [0x0000000704200000, 0x0000000800000000)
  region size 2048K, 1 young (2048K), 1 survivors (2048K)
 Metaspace       used 88108K, committed 88896K, reserved 1179648K
  class space    used 11873K, committed 12224K, reserved 1048576K
}
Event: 211.032 GC heap before
{Heap before GC invocations=100 (full 0):
 garbage-first heap   total reserved 4126720K, committed 81920K, used 71127K [0x0000000704200000, 0x0000000800000000)
  region size 2048K, 17 young (34816K), 1 survivors (2048K)
 Metaspace       used 88108K, committed 88896K, reserved 1179648K
  class space    used 11873K, committed 12224K, reserved 1048576K
}
Event: 211.033 GC heap after
{Heap after GC invocations=101 (full 0):
 garbage-first heap   total reserved 4126720K, committed 81920K, used 40385K [0x0000000704200000, 0x0000000800000000)
  region size 2048K, 1 young (2048K), 1 survivors (2048K)
 Metaspace       used 88108K, committed 88896K, reserved 1179648K
  class space    used 11873K, committed 12224K, reserved 1048576K
}
Event: 211.985 GC heap before
{Heap before GC invocations=102 (full 0):
 garbage-first heap   total reserved 4126720K, committed 81920K, used 71105K [0x0000000704200000, 0x0000000800000000)
  region size 2048K, 17 young (34816K), 1 survivors (2048K)
 Metaspace       used 88109K, committed 88896K, reserved 1179648K
  class space    used 11873K, committed 12224K, reserved 1048576K
}
Event: 211.986 GC heap after
{Heap after GC invocations=103 (full 0):
 garbage-first heap   total reserved 4126720K, committed 81920K, used 40423K [0x0000000704200000, 0x0000000800000000)
  region size 2048K, 1 young (2048K), 1 survivors (2048K)
 Metaspace       used 88109K, committed 88896K, reserved 1179648K
  class space    used 11873K, committed 12224K, reserved 1048576K
}
Event: 212.833 GC heap before
{Heap before GC invocations=103 (full 0):
 garbage-first heap   total reserved 4126720K, committed 81920K, used 71143K [0x0000000704200000, 0x0000000800000000)
  region size 2048K, 17 young (34816K), 1 survivors (2048K)
 Metaspace       used 88109K, committed 88896K, reserved 1179648K
  class space    used 11873K, committed 12224K, reserved 1048576K
}
Event: 212.834 GC heap after
{Heap after GC invocations=104 (full 0):
 garbage-first heap   total reserved 4126720K, committed 81920K, used 40381K [0x0000000704200000, 0x0000000800000000)
  region size 2048K, 1 young (2048K), 1 survivors (2048K)
 Metaspace       used 88109K, committed 88896K, reserved 1179648K
  class space    used 11873K, committed 12224K, reserved 1048576K
}

Dll operation events (14 events):
Event: 0.016 Loaded shared library D:\Application\Java\bin\java.dll
Event: 0.050 Loaded shared library D:\Application\Java\bin\jsvml.dll
Event: 0.135 Loaded shared library D:\Application\Java\bin\zip.dll
Event: 0.138 Loaded shared library D:\Application\Java\bin\instrument.dll
Event: 0.142 Loaded shared library D:\Application\Java\bin\net.dll
Event: 0.144 Loaded shared library D:\Application\Java\bin\nio.dll
Event: 0.146 Loaded shared library D:\Application\Java\bin\zip.dll
Event: 0.266 Loaded shared library D:\JetBrainsIntelliJ\IntelliJ IDEA Community Edition 2024.2.2\bin\breakgen64.dll
Event: 0.277 Loaded shared library D:\Application\Java\bin\extnet.dll
Event: 0.318 Loaded shared library D:\Application\Java\bin\jimage.dll
Event: 1.666 Loaded shared library D:\Application\Java\bin\sunmscapi.dll
Event: 3.936 Loaded shared library D:\Application\Java\bin\management.dll
Event: 3.938 Loaded shared library D:\Application\Java\bin\management_ext.dll
Event: 4.676 Loaded shared library D:\Application\Java\bin\verify.dll

Deoptimization events (20 events):
Event: 208.446 Thread 0x000002b1891a8010 Uncommon trap: trap_request=0xffffffd6 fr.pc=0x000002b130b2c70c relative=0x00000000000045ac
Event: 208.446 Thread 0x000002b1891a8010 Uncommon trap: reason=array_check action=maybe_recompile pc=0x000002b130b2c70c method=org.apache.coyote.http11.Http11OutputBuffer.addActiveFilter(Lorg/apache/coyote/http11/OutputFilter;)V @ 79 c2
Event: 208.446 Thread 0x000002b1891a8010 DEOPT PACKING pc=0x000002b130b2c70c sp=0x000000d24fafac20
Event: 208.446 Thread 0x000002b1891a8010 DEOPT UNPACKING pc=0x000002b1304f7982 sp=0x000000d24fafab48 mode 2
Event: 210.625 Thread 0x000002b1891a93c0 Uncommon trap: trap_request=0xffffffd6 fr.pc=0x000002b130b3a140 relative=0x0000000000000280
Event: 210.625 Thread 0x000002b1891a93c0 Uncommon trap: reason=array_check action=maybe_recompile pc=0x000002b130b3a140 method=org.apache.coyote.http11.Http11InputBuffer.addActiveFilter(Lorg/apache/coyote/http11/InputFilter;)V @ 79 c2
Event: 210.625 Thread 0x000002b1891a93c0 DEOPT PACKING pc=0x000002b130b3a140 sp=0x000000d24fdff000
Event: 210.625 Thread 0x000002b1891a93c0 DEOPT UNPACKING pc=0x000002b1304f7982 sp=0x000000d24fdfefa8 mode 2
Event: 210.625 Thread 0x000002b1891a9a50 Uncommon trap: trap_request=0xffffffd6 fr.pc=0x000002b130b3a140 relative=0x0000000000000280
Event: 210.625 Thread 0x000002b1891a9a50 Uncommon trap: reason=array_check action=maybe_recompile pc=0x000002b130b3a140 method=org.apache.coyote.http11.Http11InputBuffer.addActiveFilter(Lorg/apache/coyote/http11/InputFilter;)V @ 79 c2
Event: 210.625 Thread 0x000002b1891a9a50 DEOPT PACKING pc=0x000002b130b3a140 sp=0x000000d24f8fed30
Event: 210.625 Thread 0x000002b1891a9a50 DEOPT UNPACKING pc=0x000002b1304f7982 sp=0x000000d24f8fecd8 mode 2
Event: 210.640 Thread 0x000002b1891aa0e0 Uncommon trap: trap_request=0xffffffd6 fr.pc=0x000002b130b3a140 relative=0x0000000000000280
Event: 210.640 Thread 0x000002b1891aa0e0 Uncommon trap: reason=array_check action=maybe_recompile pc=0x000002b130b3a140 method=org.apache.coyote.http11.Http11InputBuffer.addActiveFilter(Lorg/apache/coyote/http11/InputFilter;)V @ 79 c2
Event: 210.640 Thread 0x000002b1891aa0e0 DEOPT PACKING pc=0x000002b130b3a140 sp=0x000000d24fffea40
Event: 210.640 Thread 0x000002b1891aa0e0 DEOPT UNPACKING pc=0x000002b1304f7982 sp=0x000000d24fffe9e8 mode 2
Event: 210.640 Thread 0x000002b18a01aa60 Uncommon trap: trap_request=0xffffffd6 fr.pc=0x000002b130b3a140 relative=0x0000000000000280
Event: 210.640 Thread 0x000002b18a01aa60 Uncommon trap: reason=array_check action=maybe_recompile pc=0x000002b130b3a140 method=org.apache.coyote.http11.Http11InputBuffer.addActiveFilter(Lorg/apache/coyote/http11/InputFilter;)V @ 79 c2
Event: 210.640 Thread 0x000002b18a01aa60 DEOPT PACKING pc=0x000002b130b3a140 sp=0x000000d2501fed20
Event: 210.640 Thread 0x000002b18a01aa60 DEOPT UNPACKING pc=0x000002b1304f7982 sp=0x000000d2501fecc8 mode 2

Classes loaded (20 events):
Event: 16.150 Loading class java/util/Formatter$FormatSpecifierParser
Event: 16.150 Loading class java/util/Formatter$FormatSpecifierParser done
Event: 38.595 Loading class java/util/concurrent/locks/ReentrantReadWriteLock$Sync$HoldCounter
Event: 38.596 Loading class java/util/concurrent/locks/ReentrantReadWriteLock$Sync$HoldCounter done
Event: 38.625 Loading class java/io/PushbackInputStream
Event: 38.626 Loading class java/io/PushbackInputStream done
Event: 38.639 Loading class org/w3c/dom/Node
Event: 38.640 Loading class org/w3c/dom/Node done
Event: 38.640 Loading class org/w3c/dom/Document
Event: 38.640 Loading class org/w3c/dom/Document done
Event: 38.847 Loading class java/util/function/LongSupplier
Event: 38.848 Loading class java/util/function/LongSupplier done
Event: 38.995 Loading class java/lang/invoke/BoundMethodHandle$Species_LLLLLLLLLLLL
Event: 38.995 Loading class java/lang/invoke/BoundMethodHandle$Species_LLLLLLLLLLLL done
Event: 38.997 Loading class java/lang/invoke/BoundMethodHandle$Species_LLLLLLLLLLLLL
Event: 38.998 Loading class java/lang/invoke/BoundMethodHandle$Species_LLLLLLLLLLLLL done
Event: 39.012 Loading class java/util/stream/LongStream
Event: 39.013 Loading class java/util/stream/LongStream done
Event: 39.013 Loading class java/util/stream/DoubleStream
Event: 39.014 Loading class java/util/stream/DoubleStream done

Classes unloaded (20 events):
Event: 58.318 Thread 0x000002b13d4494d0 Unloading class 0x000002b141bde000 'java/lang/invoke/LambdaForm$MH+0x000002b141bde000'
Event: 58.318 Thread 0x000002b13d4494d0 Unloading class 0x000002b141bdd800 'java/lang/invoke/LambdaForm$MH+0x000002b141bdd800'
Event: 58.318 Thread 0x000002b13d4494d0 Unloading class 0x000002b141bdd400 'java/lang/invoke/LambdaForm$MH+0x000002b141bdd400'
Event: 58.318 Thread 0x000002b13d4494d0 Unloading class 0x000002b141bdc800 'java/lang/invoke/LambdaForm$MH+0x000002b141bdc800'
Event: 58.318 Thread 0x000002b13d4494d0 Unloading class 0x000002b141bdc000 'java/lang/invoke/LambdaForm$MH+0x000002b141bdc000'
Event: 58.318 Thread 0x000002b13d4494d0 Unloading class 0x000002b141bdb800 'java/lang/invoke/LambdaForm$MH+0x000002b141bdb800'
Event: 58.318 Thread 0x000002b13d4494d0 Unloading class 0x000002b141bdb000 'java/lang/invoke/LambdaForm$DMH+0x000002b141bdb000'
Event: 58.318 Thread 0x000002b13d4494d0 Unloading class 0x000002b141bda400 'java/lang/invoke/LambdaForm$MH+0x000002b141bda400'
Event: 58.318 Thread 0x000002b13d4494d0 Unloading class 0x000002b141bd9800 'java/lang/invoke/LambdaForm$MH+0x000002b141bd9800'
Event: 58.318 Thread 0x000002b13d4494d0 Unloading class 0x000002b141bd8c00 'java/lang/invoke/LambdaForm$MH+0x000002b141bd8c00'
Event: 58.318 Thread 0x000002b13d4494d0 Unloading class 0x000002b141bd8400 'java/lang/invoke/LambdaForm$MH+0x000002b141bd8400'
Event: 58.318 Thread 0x000002b13d4494d0 Unloading class 0x000002b141bd7c00 'java/lang/invoke/LambdaForm$MH+0x000002b141bd7c00'
Event: 58.318 Thread 0x000002b13d4494d0 Unloading class 0x000002b141bd7400 'java/lang/invoke/LambdaForm$MH+0x000002b141bd7400'
Event: 58.318 Thread 0x000002b13d4494d0 Unloading class 0x000002b141bd6c00 'java/lang/invoke/LambdaForm$MH+0x000002b141bd6c00'
Event: 58.318 Thread 0x000002b13d4494d0 Unloading class 0x000002b141bd6400 'java/lang/invoke/LambdaForm$MH+0x000002b141bd6400'
Event: 58.318 Thread 0x000002b13d4494d0 Unloading class 0x000002b141bd5c00 'java/lang/invoke/LambdaForm$MH+0x000002b141bd5c00'
Event: 58.318 Thread 0x000002b13d4494d0 Unloading class 0x000002b141bd5800 'java/lang/invoke/LambdaForm$MH+0x000002b141bd5800'
Event: 58.318 Thread 0x000002b13d4494d0 Unloading class 0x000002b141bd4c00 'java/lang/invoke/LambdaForm$MH+0x000002b141bd4c00'
Event: 58.318 Thread 0x000002b13d4494d0 Unloading class 0x000002b141bd4400 'java/lang/invoke/LambdaForm$MH+0x000002b141bd4400'
Event: 58.318 Thread 0x000002b13d4494d0 Unloading class 0x000002b141bccc00 'java/lang/invoke/LambdaForm$MH+0x000002b141bccc00'

Classes redefined (0 events):
No events

Internal exceptions (20 events):
Event: 212.527 Thread 0x000002b1891aa0e0 Exception <a 'sun/nio/fs/WindowsException'{0x0000000707a2e658}> (0x0000000707a2e658) 
thrown [s\open\src\hotspot\share\prims\jni.cpp, line 520]
Event: 212.542 Thread 0x000002b1891a8d30 Exception <a 'sun/nio/fs/WindowsException'{0x0000000707ac4198}> (0x0000000707ac4198) 
thrown [s\open\src\hotspot\share\prims\jni.cpp, line 520]
Event: 212.555 Thread 0x000002b18a01aa60 Exception <a 'sun/nio/fs/WindowsException'{0x0000000707b98858}> (0x0000000707b98858) 
thrown [s\open\src\hotspot\share\prims\jni.cpp, line 520]
Event: 212.558 Thread 0x000002b1891a93c0 Exception <a 'sun/nio/fs/WindowsException'{0x0000000707bd3fd8}> (0x0000000707bd3fd8) 
thrown [s\open\src\hotspot\share\prims\jni.cpp, line 520]
Event: 212.576 Thread 0x000002b1891a8010 Exception <a 'sun/nio/fs/WindowsException'{0x000000070781ea68}> (0x000000070781ea68) 
thrown [s\open\src\hotspot\share\prims\jni.cpp, line 520]
Event: 212.617 Thread 0x000002b1891a86a0 Exception <a 'sun/nio/fs/WindowsException'{0x00000007078a1878}> (0x00000007078a1878) 
thrown [s\open\src\hotspot\share\prims\jni.cpp, line 520]
Event: 212.632 Thread 0x000002b1891ab490 Exception <a 'sun/nio/fs/WindowsException'{0x0000000707945788}> (0x0000000707945788) 
thrown [s\open\src\hotspot\share\prims\jni.cpp, line 520]
Event: 212.644 Thread 0x000002b1891a8d30 Exception <a 'sun/nio/fs/WindowsException'{0x00000007079f1a80}> (0x00000007079f1a80) 
thrown [s\open\src\hotspot\share\prims\jni.cpp, line 520]
Event: 212.660 Thread 0x000002b1891a93c0 Exception <a 'sun/nio/fs/WindowsException'{0x00000007076909c0}> (0x00000007076909c0) 
thrown [s\open\src\hotspot\share\prims\jni.cpp, line 520]
Event: 212.668 Thread 0x000002b1891a8010 Exception <a 'sun/nio/fs/WindowsException'{0x000000070771c7d0}> (0x000000070771c7d0) 
thrown [s\open\src\hotspot\share\prims\jni.cpp, line 520]
Event: 212.699 Thread 0x000002b1891a86a0 Exception <a 'sun/nio/fs/WindowsException'{0x00000007077e07e8}> (0x00000007077e07e8) 
thrown [s\open\src\hotspot\share\prims\jni.cpp, line 520]
Event: 212.722 Thread 0x000002b1891a9a50 Exception <a 'sun/nio/fs/WindowsException'{0x000000070746a840}> (0x000000070746a840) 
thrown [s\open\src\hotspot\share\prims\jni.cpp, line 520]
Event: 212.749 Thread 0x000002b1891a8d30 Exception <a 'sun/nio/fs/WindowsException'{0x0000000707507960}> (0x0000000707507960) 
thrown [s\open\src\hotspot\share\prims\jni.cpp, line 520]
Event: 212.777 Thread 0x000002b1891a93c0 Exception <a 'sun/nio/fs/WindowsException'{0x00000007075c3aa8}> (0x00000007075c3aa8) 
thrown [s\open\src\hotspot\share\prims\jni.cpp, line 520]
Event: 212.790 Thread 0x000002b1891a8010 Exception <a 'sun/nio/fs/WindowsException'{0x0000000707277718}> (0x0000000707277718) 
thrown [s\open\src\hotspot\share\prims\jni.cpp, line 520]
Event: 212.801 Thread 0x000002b18a0175e0 Exception <a 'java/net/SocketException'{0x00000007072c5b18}: Connection reset by peer: shutdown> (0x00000007072c5b18) 
thrown [s\open\src\hotspot\share\prims\jni.cpp, line 539]
Event: 212.813 Thread 0x000002b1891aa0e0 Exception <a 'java/net/SocketException'{0x0000000707444bd0}: Connection reset by peer: shutdown> (0x0000000707444bd0) 
thrown [s\open\src\hotspot\share\prims\jni.cpp, line 539]
Event: 212.814 Thread 0x000002b1891aa0e0 Exception <a 'sun/nio/fs/WindowsException'{0x000000070735ee20}> (0x000000070735ee20) 
thrown [s\open\src\hotspot\share\prims\jni.cpp, line 520]
Event: 212.829 Thread 0x000002b1891a8d30 Exception <a 'java/net/SocketException'{0x0000000707525230}: Connection reset by peer: shutdown> (0x0000000707525230) 
thrown [s\open\src\hotspot\share\prims\jni.cpp, line 539]
Event: 212.832 Thread 0x000002b1891a8d30 Exception <a 'sun/nio/fs/WindowsException'{0x00000007073f6300}> (0x00000007073f6300) 
thrown [s\open\src\hotspot\share\prims\jni.cpp, line 520]

VM Operations (20 events):
Event: 208.242 Executing VM operation: G1CollectForAllocation (G1 Evacuation Pause)
Event: 208.243 Executing VM operation: G1CollectForAllocation (G1 Evacuation Pause) done
Event: 209.573 Executing VM operation: G1CollectForAllocation (G1 Evacuation Pause)
Event: 209.575 Executing VM operation: G1CollectForAllocation (G1 Evacuation Pause) done
Event: 209.620 Executing VM operation: G1PauseRemark
Event: 209.622 Executing VM operation: G1PauseRemark done
Event: 209.635 Executing VM operation: G1PauseCleanup
Event: 209.635 Executing VM operation: G1PauseCleanup done
Event: 210.268 Executing VM operation: G1CollectForAllocation (G1 Evacuation Pause)
Event: 210.269 Executing VM operation: G1CollectForAllocation (G1 Evacuation Pause) done
Event: 211.032 Executing VM operation: G1CollectForAllocation (G1 Evacuation Pause)
Event: 211.033 Executing VM operation: G1CollectForAllocation (G1 Evacuation Pause) done
Event: 211.076 Executing VM operation: G1PauseRemark
Event: 211.078 Executing VM operation: G1PauseRemark done
Event: 211.092 Executing VM operation: G1PauseCleanup
Event: 211.092 Executing VM operation: G1PauseCleanup done
Event: 211.985 Executing VM operation: G1CollectForAllocation (G1 Evacuation Pause)
Event: 211.986 Executing VM operation: G1CollectForAllocation (G1 Evacuation Pause) done
Event: 212.833 Executing VM operation: G1CollectForAllocation (G1 Evacuation Pause)
Event: 212.834 Executing VM operation: G1CollectForAllocation (G1 Evacuation Pause) done

Memory protections (0 events):
No events

Nmethod flushes (20 events):
Event: 209.621 Thread 0x000002b13d4494d0 flushing  nmethod 0x000002b129584a08
Event: 209.621 Thread 0x000002b13d4494d0 flushing  nmethod 0x000002b129dea908
Event: 211.077 Thread 0x000002b13d4494d0 flushing  nmethod 0x000002b128fafc08
Event: 211.077 Thread 0x000002b13d4494d0 flushing  nmethod 0x000002b129500308
Event: 211.077 Thread 0x000002b13d4494d0 flushing  nmethod 0x000002b129df3308
Event: 211.077 Thread 0x000002b13d4494d0 flushing  nmethod 0x000002b129df6d08
Event: 211.077 Thread 0x000002b13d4494d0 flushing  nmethod 0x000002b128f7d808
Event: 211.077 Thread 0x000002b13d4494d0 flushing  nmethod 0x000002b129211488
Event: 211.077 Thread 0x000002b13d4494d0 flushing  nmethod 0x000002b12939df88
Event: 211.077 Thread 0x000002b13d4494d0 flushing  nmethod 0x000002b1296f4588
Event: 211.077 Thread 0x000002b13d4494d0 flushing  nmethod 0x000002b12985ef88
Event: 211.077 Thread 0x000002b13d4494d0 flushing  nmethod 0x000002b129a68a88
Event: 211.077 Thread 0x000002b13d4494d0 flushing  nmethod 0x000002b129bbd388
Event: 211.077 Thread 0x000002b13d4494d0 flushing  nmethod 0x000002b129d86c08
Event: 211.077 Thread 0x000002b13d4494d0 flushing  nmethod 0x000002b129194588
Event: 211.077 Thread 0x000002b13d4494d0 flushing  nmethod 0x000002b129194d88
Event: 211.077 Thread 0x000002b13d4494d0 flushing  nmethod 0x000002b129345388
Event: 211.077 Thread 0x000002b13d4494d0 flushing  nmethod 0x000002b129841208
Event: 211.077 Thread 0x000002b13d4494d0 flushing  nmethod 0x000002b130b27908
Event: 211.077 Thread 0x000002b13d4494d0 flushing  nmethod 0x000002b129d4af08

Events (20 events):
Event: 13.297 Thread 0x000002b185b260d0 Thread exited: 0x000002b185b260d0
Event: 16.136 Thread 0x000002b18501af00 Thread added: 0x000002b185b22a50
Event: 16.136 Thread 0x000002b18501af00 Thread added: 0x000002b185b282e0
Event: 19.594 Thread 0x000002b185b282e0 Thread exited: 0x000002b185b282e0
Event: 19.996 Thread 0x000002b185b22a50 Thread exited: 0x000002b185b22a50
Event: 38.597 Thread 0x000002b18501af00 Thread added: 0x000002b185b23ec0
Event: 38.791 Thread 0x000002b1891aae00 Thread added: 0x000002b18a016f50
Event: 38.846 Thread 0x000002b18501af00 Thread added: 0x000002b185b27540
Event: 40.845 Thread 0x000002b185b27540 Thread exited: 0x000002b185b27540
Event: 40.883 Thread 0x000002b185b23ec0 Thread exited: 0x000002b185b23ec0
Event: 42.976 Thread 0x000002b18501af00 Thread added: 0x000002b185b27540
Event: 43.147 Thread 0x000002b185b27540 Thread exited: 0x000002b185b27540
Event: 43.807 Thread 0x000002b18a016f50 Thread exited: 0x000002b18a016f50
Event: 128.941 Thread 0x000002b18501af00 Thread added: 0x000002b1850193c0
Event: 134.171 Thread 0x000002b1850193c0 Thread exited: 0x000002b1850193c0
Event: 201.445 Thread 0x000002b185013840 Thread added: 0x000002b18501a160
Event: 201.788 Thread 0x000002b18501a160 Thread exited: 0x000002b18501a160
Event: 203.606 Thread 0x000002b185013840 Thread added: 0x000002b18501b5d0
Event: 204.795 Thread 0x000002b18501b5d0 Thread exited: 0x000002b18501b5d0
Event: 211.409 Thread 0x000002b18501af00 Thread added: 0x000002b1850193c0


Dynamic libraries:
0x00007ff73d640000 - 0x00007ff73d650000 	D:\Application\Java\bin\java.exe
0x00007ff845450000 - 0x00007ff845667000 	C:\WINDOWS\SYSTEM32\ntdll.dll
0x00007ff8440f0000 - 0x00007ff8441b4000 	C:\WINDOWS\System32\KERNEL32.DLL
0x00007ff8429f0000 - 0x00007ff842da9000 	C:\WINDOWS\System32\KERNELBASE.dll
0x00007ff843050000 - 0x00007ff843161000 	C:\WINDOWS\System32\ucrtbase.dll
0x00007ff82e140000 - 0x00007ff82e15b000 	D:\Application\Java\bin\VCRUNTIME140.dll
0x00007ff83a680000 - 0x00007ff83a697000 	D:\Application\Java\bin\jli.dll
0x00007ff843ad0000 - 0x00007ff843c7e000 	C:\WINDOWS\System32\USER32.dll
0x00007ff8208a0000 - 0x00007ff820b32000 	C:\WINDOWS\WinSxS\amd64_microsoft.windows.common-controls_6595b64144ccf1df_6.0.22621.4391_none_2715d37f73803e96\COMCTL32.dll
0x00007ff842ed0000 - 0x00007ff842ef6000 	C:\WINDOWS\System32\win32u.dll
0x00007ff845360000 - 0x00007ff845407000 	C:\WINDOWS\System32\msvcrt.dll
0x00007ff844200000 - 0x00007ff844229000 	C:\WINDOWS\System32\GDI32.dll
0x00007ff842f00000 - 0x00007ff84301b000 	C:\WINDOWS\System32\gdi32full.dll
0x00007ff842db0000 - 0x00007ff842e4a000 	C:\WINDOWS\System32\msvcp_win.dll
0x00007ff8441c0000 - 0x00007ff8441f1000 	C:\WINDOWS\System32\IMM32.DLL
0x00007ff83cbf0000 - 0x00007ff83cbfc000 	D:\Application\Java\bin\vcruntime140_1.dll
0x00007ff8283c0000 - 0x00007ff82844e000 	D:\Application\Java\bin\msvcp140.dll
0x00007fffbdae0000 - 0x00007fffbe82f000 	D:\Application\Java\bin\server\jvm.dll
0x00007ff8439f0000 - 0x00007ff843aa2000 	C:\WINDOWS\System32\ADVAPI32.dll
0x00007ff8445c0000 - 0x00007ff844667000 	C:\WINDOWS\System32\sechost.dll
0x00007ff843020000 - 0x00007ff843048000 	C:\WINDOWS\System32\bcrypt.dll
0x00007ff843670000 - 0x00007ff843784000 	C:\WINDOWS\System32\RPCRT4.dll
0x00007ff843d00000 - 0x00007ff843d71000 	C:\WINDOWS\System32\WS2_32.dll
0x00007ff8415a0000 - 0x00007ff8415ed000 	C:\WINDOWS\SYSTEM32\POWRPROF.dll
0x00007ff8400f0000 - 0x00007ff840124000 	C:\WINDOWS\SYSTEM32\WINMM.dll
0x00007ff83c940000 - 0x00007ff83c94a000 	C:\WINDOWS\SYSTEM32\VERSION.dll
0x00007ff841580000 - 0x00007ff841593000 	C:\WINDOWS\SYSTEM32\UMPDC.dll
0x00007ff841850000 - 0x00007ff841868000 	C:\WINDOWS\SYSTEM32\kernel.appcore.dll
0x00007ff8397b0000 - 0x00007ff8397ba000 	D:\Application\Java\bin\jimage.dll
0x00007ff83fe20000 - 0x00007ff840052000 	C:\WINDOWS\SYSTEM32\DBGHELP.DLL
0x00007ff844f80000 - 0x00007ff84530f000 	C:\WINDOWS\System32\combase.dll
0x00007ff843890000 - 0x00007ff843967000 	C:\WINDOWS\System32\OLEAUT32.dll
0x00007ff8400b0000 - 0x00007ff8400e2000 	C:\WINDOWS\SYSTEM32\dbgcore.DLL
0x00007ff842e50000 - 0x00007ff842ecb000 	C:\WINDOWS\System32\bcryptPrimitives.dll
0x00007ff837370000 - 0x00007ff83737f000 	D:\Application\Java\bin\instrument.dll
0x00007ff82d430000 - 0x00007ff82d44e000 	D:\Application\Java\bin\java.dll
0x00007ff843d80000 - 0x00007ff843f25000 	C:\WINDOWS\System32\ole32.dll
0x00007ff844670000 - 0x00007ff844ee6000 	C:\WINDOWS\System32\SHELL32.dll
0x00007ff840650000 - 0x00007ff840f53000 	C:\WINDOWS\SYSTEM32\windows.storage.dll
0x00007ff840510000 - 0x00007ff84064f000 	C:\WINDOWS\SYSTEM32\wintypes.dll
0x00007ff844230000 - 0x00007ff844329000 	C:\WINDOWS\System32\SHCORE.dll
0x00007ff843980000 - 0x00007ff8439de000 	C:\WINDOWS\System32\shlwapi.dll
0x00007ff842680000 - 0x00007ff8426ab000 	C:\WINDOWS\SYSTEM32\profapi.dll
0x00007ffff0220000 - 0x00007ffff02f7000 	D:\Application\Java\bin\jsvml.dll
0x00007ff82baf0000 - 0x00007ff82bb07000 	D:\Application\Java\bin\zip.dll
0x00007ff8309e0000 - 0x00007ff8309f0000 	D:\Application\Java\bin\net.dll
0x00007ff841ce0000 - 0x00007ff841d49000 	C:\WINDOWS\system32\mswsock.dll
0x00007ff82c530000 - 0x00007ff82c546000 	D:\Application\Java\bin\nio.dll
0x00007ff82b4f0000 - 0x00007ff82b50a000 	D:\JetBrainsIntelliJ\IntelliJ IDEA Community Edition 2024.2.2\bin\breakgen64.dll
0x00007ff82e130000 - 0x00007ff82e139000 	D:\Application\Java\bin\extnet.dll
0x00007ff82b4b0000 - 0x00007ff82b4be000 	D:\Application\Java\bin\sunmscapi.dll
0x00007ff842750000 - 0x00007ff8428b6000 	C:\WINDOWS\System32\CRYPT32.dll
0x00007ff8420f0000 - 0x00007ff84211d000 	C:\WINDOWS\SYSTEM32\ncrypt.dll
0x00007ff8420b0000 - 0x00007ff8420e7000 	C:\WINDOWS\SYSTEM32\NTASN1.dll
0x00007ff841f60000 - 0x00007ff841f7b000 	C:\WINDOWS\SYSTEM32\CRYPTSP.dll
0x00007ff8417b0000 - 0x00007ff8417e5000 	C:\WINDOWS\system32\rsaenh.dll
0x00007ff841df0000 - 0x00007ff841e18000 	C:\WINDOWS\SYSTEM32\USERENV.dll
0x00007ff841f50000 - 0x00007ff841f5c000 	C:\WINDOWS\SYSTEM32\CRYPTBASE.dll
0x00007ff841230000 - 0x00007ff84125d000 	C:\WINDOWS\SYSTEM32\IPHLPAPI.DLL
0x00007ff843ac0000 - 0x00007ff843ac9000 	C:\WINDOWS\System32\NSI.dll
0x00007ff82c560000 - 0x00007ff82c56a000 	D:\Application\Java\bin\management.dll
0x00007ff82b4c0000 - 0x00007ff82b4cb000 	D:\Application\Java\bin\management_ext.dll
0x00007ff843ab0000 - 0x00007ff843ab8000 	C:\WINDOWS\System32\PSAPI.DLL
0x00007ff82b4a0000 - 0x00007ff82b4b0000 	D:\Application\Java\bin\verify.dll
0x00007ff8412a0000 - 0x00007ff8413a2000 	C:\WINDOWS\SYSTEM32\DNSAPI.dll
0x00007ff83e080000 - 0x00007ff83e08a000 	C:\Windows\System32\rasadhlp.dll
0x00007ff83c220000 - 0x00007ff83c2a3000 	C:\WINDOWS\System32\fwpuclnt.dll
0x00007ff828090000 - 0x00007ff828098000 	C:\WINDOWS\system32\wshunix.dll

dbghelp: loaded successfully - version: 4.0.5 - missing functions: none
symbol engine: initialized successfully - sym options: 0x614 - pdb path: .;D:\Application\Java\bin;C:\WINDOWS\SYSTEM32;C:\WINDOWS\WinSxS\amd64_microsoft.windows.common-controls_6595b64144ccf1df_6.0.22621.4391_none_2715d37f73803e96;D:\Application\Java\bin\server;D:\JetBrainsIntelliJ\IntelliJ IDEA Community Edition 2024.2.2\bin

VM Arguments:
jvm_args: -javaagent:D:\JetBrainsIntelliJ\IntelliJ IDEA Community Edition 2024.2.2\lib\idea_rt.jar=51587:D:\JetBrainsIntelliJ\IntelliJ IDEA Community Edition 2024.2.2\bin -Dfile.encoding=UTF-8 -Dsun.stdout.encoding=UTF-8 -Dsun.stderr.encoding=UTF-8 
java_command: com.example.peaceful_land.Application
java_class_path (initial): D:\College\SummaryTDTU\JavaTechnology\Ck\com.peaceful_land\BackEnd\target\classes;C:\Users\tatri\.m2\repository\org\springframework\boot\spring-boot-starter-data-jpa\3.3.4\spring-boot-starter-data-jpa-3.3.4.jar;C:\Users\tatri\.m2\repository\org\springframework\boot\spring-boot-starter-aop\3.3.4\spring-boot-starter-aop-3.3.4.jar;C:\Users\tatri\.m2\repository\org\aspectj\aspectjweaver\1.9.22.1\aspectjweaver-1.9.22.1.jar;C:\Users\tatri\.m2\repository\org\springframework\boot\spring-boot-starter-jdbc\3.3.4\spring-boot-starter-jdbc-3.3.4.jar;C:\Users\tatri\.m2\repository\com\zaxxer\HikariCP\5.1.0\HikariCP-5.1.0.jar;C:\Users\tatri\.m2\repository\org\springframework\spring-jdbc\6.1.13\spring-jdbc-6.1.13.jar;C:\Users\tatri\.m2\repository\org\springframework\data\spring-data-jpa\3.3.4\spring-data-jpa-3.3.4.jar;C:\Users\tatri\.m2\repository\org\springframework\data\spring-data-commons\3.3.4\spring-data-commons-3.3.4.jar;C:\Users\tatri\.m2\repository\org\springframework\spring-orm\6.1.13\spring-orm-6.1.13.jar;C:\Users\tatri\.m2\repository\org\springframework\spring-context\6.1.13\spring-context-6.1.13.jar;C:\Users\tatri\.m2\repository\org\springframework\spring-tx\6.1.13\spring-tx-6.1.13.jar;C:\Users\tatri\.m2\repository\org\springframework\spring-beans\6.1.13\spring-beans-6.1.13.jar;C:\Users\tatri\.m2\repository\jakarta\annotation\jakarta.annotation-api\2.1.1\jakarta.annotation-api-2.1.1.jar;C:\Users\tatri\.m2\repository\org\slf4j\slf4j-api\2.0.16\slf4j-api-2.0.16.jar;C:\Users\tatri\.m2\repository\org\springframework\spring-aspects\6.1.13\spring-aspects-6.1.13.jar;C:\Users\tatri\.m2\repository\org\springframework\boot\spring-boot-starter-security\3.3.4\spring-boot-starter-security-3.3.4.jar;C:\Users\tatri\.m2\repository\org\springframework\boot\spring-boot-starter\3.3.4\spring-boot-starter-3.3.4.jar;C:\Users\tatri\.m2\repository\org\springframework\boot\spring-boot\3.3.4\spring-boot-3.3.4.jar;C:\Users\tatri\.m2\repository\org\springframework\boot\spring-boot-autoconfigure\3.3.4\spring-boot-autoconfigure-3.3.4.jar;C:\Users\tatri\.m2\repository\org\springframework\boot\spring-boot-starter-logging\3.3.4\spring-boot-starter-logging-3.3.4.jar;C:\Users\tatri\.m2\repository\ch\qos\logback\logback-classic\1.5.8\logback-classic-1.5.8.jar;C:\Users\tatri\.m2\repository\ch\qos\logback\logback-core\1.5.8\logback-core-1.5.8.jar;C:\Users\tatri\.m2\repository\org\apache\logging\log4j\log4j-to-slf4j\2.23.1\log4j-to-slf4j-2.23.1.jar;C:\Users\tatri\.m2\repository\org\apache\logging\log4j\log4j-api\2.23.1\log4j-api-2.23.1.jar;C:\Users\tatri\.m2\repository\org\slf4j\jul-to-slf4j\2.0.16\jul-to-slf4j-2.0.16.jar;C:\Users\tatri\.m2\repository\org\yaml\snakeyaml\2.2\snakeyaml-2.2.jar;C:\Users\tatri\.m2\repository\org\springframework\spring-aop\6.1.13\spring-aop-6.1.13.jar;C:\Users\tatri\.m2\repository\org\springframework\security\spring-security-config\6.3.3\spring-security-config-6.3.3.jar;C:\Users\tatri\.m2\repository\org\springframework\security\spring-security-web\6.3.3\spring-security-web-6.3.3.jar;C:\Users\tatri\.m2\repository\org\springframework\spring-expression\6.1.13\spring-expression-6.1.13.jar;C:\Users\tatri\.m2\repository\org\springframework\boot\spring-boot-starter-validation\3.3.4\spring-boot-starter-validation-3.3.4.jar;C:\Users\tatri\.m2\repository\org\apache\tomcat\embed\tomcat-embed-el\10.1.30\tomcat-embed-el-10.1.30.jar;C:\Users\tatri\.m2\repository\org\hibernate\validator\hibernate-validator\8.0.1.Final\hibernate-validator-8.0.1.Final.jar;C:\Users\tatri\.m2\repository\jakarta\validation\jakarta.validation-api\3.0.2\jakarta.validation-api-3.0.2.jar;C:\Users\tatri\.m2\repository\org\springframework\boot\spring-boot-starter-web\3.3.4\spring-boot-starter-web-3.3.4.jar;C:\Users\tatri\.m2\repository\org\springframework\boot\spring-boot-starter-json\3.3.4\spring-boot-starter-json-3.3.4.jar;C:\Users\tatri\.m2\repository\com\fasterxml\jackson\datatype\jackson-datatype-jdk8\2.17.2\jackson-datatype-jdk8-2.17.2.jar;C:\Users\tatri\.m2\repository\com\fasterxml\jackson\datatype\jackson-datatype-jsr310\2.17.2\jackson-datatype-jsr310-2.17.2.jar;C:\Users\tatri\.m2\repository\com\fasterxml\jackson\module\jackson-module-parameter-names\2.17.2\jackson-module-parameter-names-2.17.2.jar;C:\Users\tatri\.m2\repository\org\springframework\boot\spring-boot-starter-tomcat\3.3.4\spring-boot-starter-tomcat-3.3.4.jar;C:\Users\tatri\.m2\repository\org\apache\tomcat\embed\tomcat-embed-core\10.1.30\tomcat-embed-core-10.1.30.jar;C:\Users\tatri\.m2\repository\org\apache\tomcat\embed\tomcat-embed-websocket\10.1.30\tomcat-embed-websocket-10.1.30.jar;C:\Users\tatri\.m2\repository\org\springframework\spring-web\6.1.13\spring-web-6.1.13.jar;C:\Users\tatri\.m2\repository\io\micrometer\micrometer-observation\1.13.4\micrometer-observation-1.13.4.jar;C:\Users\tatri\.m2\repository\io\micrometer\micrometer-commons\1.13.4\micrometer-commons-1.13.4.jar;C:\Users\tatri\.m2\repository\org\springframework\spring-webmvc\6.1.13\spring-webmvc-6.1.13.jar;C:\Users\tatri\.m2\repository\org\springframework\session\spring-session-core\3.3.2\spring-session-core-3.3.2.jar;C:\Users\tatri\.m2\repository\org\springframework\spring-jcl\6.1.13\spring-jcl-6.1.13.jar;C:\Users\tatri\.m2\repository\org\projectlombok\lombok\1.18.30\lombok-1.18.30.jar;C:\Users\tatri\.m2\repository\com\mysql\mysql-connector-j\8.3.0\mysql-connector-j-8.3.0.jar;C:\Users\tatri\.m2\repository\jakarta\xml\bind\jakarta.xml.bind-api\4.0.2\jakarta.xml.bind-api-4.0.2.jar;C:\Users\tatri\.m2\repository\jakarta\activation\jakarta.activation-api\2.1.3\jakarta.activation-api-2.1.3.jar;C:\Users\tatri\.m2\repository\org\springframework\spring-core\6.1.13\spring-core-6.1.13.jar;C:\Users\tatri\.m2\repository\org\springframework\boot\spring-boot-starter-mail\3.3.4\spring-boot-starter-mail-3.3.4.jar;C:\Users\tatri\.m2\repository\org\springframework\spring-context-support\6.1.13\spring-context-support-6.1.13.jar;C:\Users\tatri\.m2\repository\org\eclipse\angus\jakarta.mail\2.0.3\jakarta.mail-2.0.3.jar;C:\Users\tatri\.m2\repository\org\eclipse\angus\angus-activation\2.0.2\angus-activation-2.0.2.jar;C:\Users\tatri\.m2\repository\org\hibernate\orm\hibernate-core\6.5.2.Final\hibernate-core-6.5.2.Final.jar;C:\Users\tatri\.m2\repository\jakarta\persistence\jakarta.persistence-api\3.1.0\jakarta.persistence-api-3.1.0.jar;C:\Users\tatri\.m2\repository\jakarta\transaction\jakarta.transaction-api\2.0.1\jakarta.transaction-api-2.0.1.jar;C:\Users\tatri\.m2\repository\org\jboss\logging\jboss-logging\3.5.3.Final\jboss-logging-3.5.3.Final.jar;C:\Users\tatri\.m2\repository\org\hibernate\common\hibernate-commons-annotations\6.0.6.Final\hibernate-commons-annotations-6.0.6.Final.jar;C:\Users\tatri\.m2\repository\io\smallrye\jandex\3.1.2\jandex-3.1.2.jar;C:\Users\tatri\.m2\repository\com\fasterxml\classmate\1.7.0\classmate-1.7.0.jar;C:\Users\tatri\.m2\repository\net\bytebuddy\byte-buddy\1.14.19\byte-buddy-1.14.19.jar;C:\Users\tatri\.m2\repository\org\glassfish\jaxb\jaxb-runtime\4.0.5\jaxb-runtime-4.0.5.jar;C:\Users\tatri\.m2\repository\org\glassfish\jaxb\jaxb-core\4.0.5\jaxb-core-4.0.5.jar;C:\Users\tatri\.m2\repository\org\glassfish\jaxb\txw2\4.0.5\txw2-4.0.5.jar;C:\Users\tatri\.m2\repository\com\sun\istack\istack-commons-runtime\4.1.2\istack-commons-runtime-4.1.2.jar;C:\Users\tatri\.m2\repository\jakarta\inject\jakarta.inject-api\2.0.1\jakarta.inject-api-2.0.1.jar;C:\Users\tatri\.m2\repository\org\antlr\antlr4-runtime\4.13.0\antlr4-runtime-4.13.0.jar;C:\Users\tatri\.m2\repository\org\springframework\boot\spring-boot-starter-data-redis\3.4.0\spring-boot-starter-data-redis-3.4.0.jar;C:\Users\tatri\.m2\repository\io\lettuce\lettuce-core\6.3.2.RELEASE\lettuce-core-6.3.2.RELEASE.jar;C:\Users\tatri\.m2\repository\io\netty\netty-common\4.1.113.Final\netty-common-4.1.113.Final.jar;C:\Users\tatri\.m2\repository\io\netty\netty-handler\4.1.113.Final\netty-handler-4.1.113.Final.jar;C:\Users\tatri\.m2\repository\io\netty\netty-resolver\4.1.113.Final\netty-resolver-4.1.113.Final.jar;C:\Users\tatri\.m2\repository\io\netty\netty-buffer\4.1.113.Final\netty-buffer-4.1.113.Final.jar;C:\Users\tatri\.m2\repository\io\netty\netty-transport-native-unix-common\4.1.113.Final\netty-transport-native-unix-common-4.1.113.Final.jar;C:\Users\tatri\.m2\repository\io\netty\netty-codec\4.1.113.Final\netty-codec-4.1.113.Final.jar;C:\Users\tatri\.m2\repository\io\netty\netty-transport\4.1.113.Final\netty-transport-4.1.113.Final.jar;C:\Users\tatri\.m2\repository\io\projectreactor\reactor-core\3.6.10\reactor-core-3.6.10.jar;C:\Users\tatri\.m2\repository\org\reactivestreams\reactive-streams\1.0.4\reactive-streams-1.0.4.jar;C:\Users\tatri\.m2\repository\org\springframework\data\spring-data-redis\3.3.4\spring-data-redis-3.3.4.jar;C:\Users\tatri\.m2\repository\org\springframework\data\spring-data-keyvalue\3.3.4\spring-data-keyvalue-3.3.4.jar;C:\Users\tatri\.m2\repository\org\springframework\spring-oxm\6.1.13\spring-oxm-6.1.13.jar;C:\Users\tatri\.m2\repository\org\modelmapper\modelmapper\3.2.1\modelmapper-3.2.1.jar;C:\Users\tatri\.m2\repository\org\springframework\security\spring-security-core\6.3.3\spring-security-core-6.3.3.jar;C:\Users\tatri\.m2\repository\org\springframework\security\spring-security-crypto\6.3.3\spring-security-crypto-6.3.3.jar;C:\Users\tatri\.m2\repository\io\jsonwebtoken\jjwt-api\0.11.5\jjwt-api-0.11.5.jar;C:\Users\tatri\.m2\repository\io\jsonwebtoken\jjwt-impl\0.11.5\jjwt-impl-0.11.5.jar;C:\Users\tatri\.m2\repository\io\jsonwebtoken\jjwt-jackson\0.11.5\jjwt-jackson-0.11.5.jar;C:\Users\tatri\.m2\repository\com\fasterxml\jackson\core\jackson-databind\2.17.2\jackson-databind-2.17.2.jar;C:\Users\tatri\.m2\repository\com\fasterxml\jackson\core\jackson-annotations\2.17.2\jackson-annotations-2.17.2.jar;C:\Users\tatri\.m2\repository\com\fasterxml\jackson\core\jackson-core\2.17.2\jackson-core-2.17.2.jar;C:\Users\tatri\.m2\repository\com\google\code\gson\gson\2.11.0\gson-2.11.0.jar;C:\Users\tatri\.m2\repository\com\google\errorprone\error_prone_annotations\2.27.0\error_prone_annotations-2.27.0.jar
Launcher Type: SUN_STANDARD

[Global flags]
     intx CICompilerCount                          = 4                                         {product} {ergonomic}
     uint ConcGCThreads                            = 2                                         {product} {ergonomic}
     uint G1ConcRefinementThreads                  = 8                                         {product} {ergonomic}
   size_t G1HeapRegionSize                         = 2097152                                   {product} {ergonomic}
   size_t InitialHeapSize                          = 264241152                                 {product} {ergonomic}
   size_t MarkStackSize                            = 4194304                                   {product} {ergonomic}
   size_t MarkStackSizeMax                         = 536870912                                 {product} {ergonomic}
   size_t MaxHeapSize                              = 4225761280                                {product} {ergonomic}
   size_t MaxNewSize                               = 2535456768                                {product} {ergonomic}
   size_t MinHeapDeltaBytes                        = 2097152                                   {product} {ergonomic}
   size_t MinHeapSize                              = 8388608                                   {product} {ergonomic}
    uintx NonNMethodCodeHeapSize                   = 5832704                                {pd product} {ergonomic}
    uintx NonProfiledCodeHeapSize                  = 122945536                              {pd product} {ergonomic}
    uintx ProfiledCodeHeapSize                     = 122880000                              {pd product} {ergonomic}
    uintx ReservedCodeCacheSize                    = 251658240                              {pd product} {ergonomic}
     bool SegmentedCodeCache                       = true                                      {product} {ergonomic}
   size_t SoftMaxHeapSize                          = 4225761280                             {manageable} {ergonomic}
     bool UseCompressedOops                        = true                           {product lp64_product} {ergonomic}
     bool UseG1GC                                  = true                                      {product} {ergonomic}
     bool UseLargePagesIndividualAllocation        = false                                  {pd product} {ergonomic}

Logging:
Log output configuration:
 #0: stdout all=warning uptime,level,tags foldmultilines=false
 #1: stderr all=off uptime,level,tags foldmultilines=false

Environment Variables:
JAVA_HOME=D:\Application\Java
PATH=C:\Program Files\Common Files\Oracle\Java\javapath;C:\WINDOWS\system32;C:\WINDOWS;C:\WINDOWS\System32\Wbem;C:\WINDOWS\System32\WindowsPowerShell\v1.0\;C:\WINDOWS\System32\OpenSSH\;C:\Program Files\Docker\Docker\resources\bin;D:\Application\Java\bin;C:\Program Files\Microsoft SQL Server\150\Tools\Binn\;C:\Program Files\Microsoft SQL Server\Client SDK\ODBC\170\Tools\Binn\;C:\Program Files (x86)\Microsoft SQL Server\160\Tools\Binn\;C:\Program Files\Microsoft SQL Server\160\Tools\Binn\;C:\Program Files\Microsoft SQL Server\160\DTS\Binn\;D:\Application\Git\Git\cmd;C:\Program Files (x86)\Microsoft SQL Server\160\DTS\Binn\;D:\Application\Maven\apache-maven-3.9.9\bin;D:\Application\NodeJS\;C:\Program Files\dotnet\;C:\Users\tatri\AppData\Local\Programs\Python\Python312\Scripts\;C:\Users\tatri\AppData\Local\Programs\Python\Python312\;C:\Users\tatri\AppData\Local\Programs\Python\Launcher\;C:\Users\tatri\AppData\Local\Microsoft\WindowsApps;D:\Application\Microsoft VS Code\bin;D:\JetBrainsIntelliJ\IntelliJ IDEA Community Edition 2024.2.2\bin;;C:\Users\tatri\AppData\Roaming\npm;D:\Application\Java\bin;C:\Users\tatri\AppData\Local\GitHubDesktop\bin;C:\Users\tatri\.dotnet\tools
USERNAME=tatri
OS=Windows_NT
PROCESSOR_IDENTIFIER=Intel64 Family 6 Model 140 Stepping 1, GenuineIntel
TMP=C:\Users\tatri\AppData\Local\Temp
TEMP=C:\Users\tatri\AppData\Local\Temp




Periodic native trim disabled

---------------  S Y S T E M  ---------------

OS:
 Windows 11 , 64 bit Build 22621 (10.0.22621.4391)
OS uptime: 6 days 0:38 hours
Hyper-V role detected

CPU: total 8 (initial active 8) (4 cores per cpu, 2 threads per core) family 6 model 140 stepping 1 microcode 0xb8, cx8, cmov, fxsr, ht, mmx, 3dnowpref, sse, sse2, sse3, ssse3, sse4.1, sse4.2, popcnt, lzcnt, tsc, tscinvbit, avx, avx2, aes, erms, clmul, bmi1, bmi2, adx, avx512f, avx512dq, avx512cd, avx512bw, avx512vl, sha, fma, vzeroupper, avx512_vpopcntdq, avx512_vpclmulqdq, avx512_vaes, avx512_vnni, clflush, clflushopt, clwb, avx512_vbmi2, avx512_vbmi, hv, rdtscp, rdpid, fsrm, gfni, avx512_bitalg, f16c, cet_ibt, cet_ss, avx512_ifma
Processor Information for the first 8 processors :
  Max Mhz: 2803, Current Mhz: 2803, Mhz Limit: 2803

Memory: 4k page, system-wide physical 16118M (433M free)
TotalPageFile size 39729M (AvailPageFile size 0M)
current process WorkingSet (physical memory assigned to process): 328M, peak: 341M
current process commit charge ("private bytes"): 370M, peak: 406M

vm_info: Java HotSpot(TM) 64-Bit Server VM (23+37-2369) for windows-amd64 JRE (23+37-2369), built on 2024-08-20T16:01:23Z with MS VC++ 17.6 (VS2022)

END.
